<?xml version="1.0" encoding="UTF-8"?>
<!-- Generated by org.testng.reporters.JUnitXMLReporter -->
<testsuite hostname="SoftKing" ignored="0" name="Default test" tests="4" failures="0" timestamp="2021-06-21T15:01:08 IST" time="28.239" errors="0">
  <testcase name="openGoogle" time="7.497" classname="simpleGoogleTest.TestGoogle"/>
  <testcase name="searchGoogle" time="5.502" classname="simpleGoogleTest.TestGoogle"/>
  <testcase name="selectingPage" time="10.672" classname="simpleGoogleTest.TestGoogle"/>
  <testcase name="closingBrowser" time="4.48" classname="simpleGoogleTest.TestGoogle"/>
</testsuite> <!-- Default test -->
